Performing C SOURCE FILE Test CMAKE_HAVE_LIBC_PTHREAD failed with the following output:
Change Dir: /home/mliberal/Tek2/OOP_indie_studio_2019/build/CMakeFiles/CMakeTmp

Run Build Command(s):/usr/bin/gmake cmTC_0900d/fast && /usr/bin/gmake  -f CMakeFiles/cmTC_0900d.dir/build.make CMakeFiles/cmTC_0900d.dir/build
gmake[1]: Entering directory '/home/mliberal/Tek2/OOP_indie_studio_2019/build/CMakeFiles/CMakeTmp'
Building C object CMakeFiles/cmTC_0900d.dir/src.c.o
/usr/bin/cc   -DCMAKE_HAVE_LIBC_PTHREAD   -o CMakeFiles/cmTC_0900d.dir/src.c.o   -c /home/mliberal/Tek2/OOP_indie_studio_2019/build/CMakeFiles/CMakeTmp/src.c
Linking C executable cmTC_0900d
/usr/bin/cmake -E cmake_link_script CMakeFiles/cmTC_0900d.dir/link.txt --verbose=1
/usr/bin/cc  -DCMAKE_HAVE_LIBC_PTHREAD    CMakeFiles/cmTC_0900d.dir/src.c.o  -o cmTC_0900d 
/usr/bin/ld: CMakeFiles/cmTC_0900d.dir/src.c.o: in function `main':
src.c:(.text+0x2d): undefined reference to `pthread_create'
/usr/bin/ld: src.c:(.text+0x39): undefined reference to `pthread_detach'
/usr/bin/ld: src.c:(.text+0x45): undefined reference to `pthread_cancel'
/usr/bin/ld: src.c:(.text+0x56): undefined reference to `pthread_join'
collect2: error: ld returned 1 exit status
gmake[1]: *** [CMakeFiles/cmTC_0900d.dir/build.make:107: cmTC_0900d] Error 1
gmake[1]: Leaving directory '/home/mliberal/Tek2/OOP_indie_studio_2019/build/CMakeFiles/CMakeTmp'
gmake: *** [Makefile:141: cmTC_0900d/fast] Error 2


Source file was:
#include <pthread.h>

void* test_func(void* data)
{
  return data;
}

int main(void)
{
  pthread_t thread;
  pthread_create(&thread, NULL, test_func, NULL);
  pthread_detach(thread);
  pthread_cancel(thread);
  pthread_join(thread, NULL);
  pthread_atfork(NULL, NULL, NULL);
  pthread_exit(NULL);

  return 0;
}

